Using pre-set license
Built from '2020.3/staging' branch; Version is '2020.3.22f1 (e1a7f79fd887) revision 14788599'; Using compiler version '192528614'; Build Type 'Release'
OS: 'Windows 10 Home; OS build 19042.1348; Version 2009; 64bit' Language: 'en' Physical Memory: 8155 MB
BatchMode: 1, IsHumanControllingUs: 0, StartBugReporterOnCrash: 0, Is64bit: 1, IsPro: 0

COMMAND LINE ARGUMENTS:
C:\Program Files\Unity\Installs\2020.3.22f1\Editor\Unity.exe
-adb2
-batchMode
-noUpm
-name
AssetImportWorker3
-projectPath
C:/src/COMP3013/Rogue Poker
-logFile
Logs/AssetImportWorker3.log
-srvPort
55228
Successfully changed project path to: C:/src/COMP3013/Rogue Poker
C:/src/COMP3013/Rogue Poker
Using Asset Import Pipeline V2.
Refreshing native plugins compatible for Editor in 71.64 ms, found 2 plugins.
Preloading 0 native plugins for Editor in 0.00 ms.
Initialize engine version: 2020.3.22f1 (e1a7f79fd887)
[Subsystems] Discovering subsystems at path C:/Program Files/Unity/Installs/2020.3.22f1/Editor/Data/Resources/UnitySubsystems
[Subsystems] Discovering subsystems at path C:/src/COMP3013/Rogue Poker/Assets
GfxDevice: creating device client; threaded=0
Direct3D:
    Version:  Direct3D 11.0 [level 11.1]
    Renderer: Radeon (TM) RX 480 Graphics (ID=0x67df)
    Vendor:   
    VRAM:     8171 MB
    Driver:   30.0.13033.5003
Initialize mono
Mono path[0] = 'C:/Program Files/Unity/Installs/2020.3.22f1/Editor/Data/Managed'
Mono path[1] = 'C:/Program Files/Unity/Installs/2020.3.22f1/Editor/Data/MonoBleedingEdge/lib/mono/unityjit'
Mono config path = 'C:/Program Files/Unity/Installs/2020.3.22f1/Editor/Data/MonoBleedingEdge/etc'
Using monoOptions --debugger-agent=transport=dt_socket,embedding=1,server=y,suspend=n,address=127.0.0.1:56976
Begin MonoManager ReloadAssembly
Registering precompiled unity dll's ...
Register platform support module: C:/Program Files/Unity/Installs/2020.3.22f1/Editor/Data/PlaybackEngines/WindowsStandaloneSupport/UnityEditor.WindowsStandalone.Extensions.dll
Registered in 0.003791 seconds.
Native extension for WindowsStandalone target not found
Refreshing native plugins compatible for Editor in 65.82 ms, found 2 plugins.
Preloading 0 native plugins for Editor in 0.00 ms.
Mono: successfully reloaded assembly
- Completed reload, in  3.517 seconds
Domain Reload Profiling:
	ReloadAssembly (3517ms)
		BeginReloadAssembly (93ms)
			ExecutionOrderSort (0ms)
			DisableScriptedObjects (0ms)
			BackupInstance (0ms)
			ReleaseScriptingObjects (0ms)
			CreateAndSetChildDomain (1ms)
		EndReloadAssembly (768ms)
			LoadAssemblies (89ms)
			RebuildTransferFunctionScriptingTraits (0ms)
			SetupTypeCache (291ms)
			ReleaseScriptCaches (0ms)
			RebuildScriptCaches (54ms)
			SetupLoadedEditorAssemblies (267ms)
				LogAssemblyErrors (0ms)
				InitializePlatformSupportModulesInManaged (6ms)
				SetLoadedEditorAssemblies (0ms)
				RefreshPlugins (66ms)
				BeforeProcessingInitializeOnLoad (25ms)
				ProcessInitializeOnLoadAttributes (124ms)
				ProcessInitializeOnLoadMethodAttributes (45ms)
				AfterProcessingInitializeOnLoad (0ms)
				EditorAssembliesLoaded (0ms)
			ExecutionOrderSort2 (0ms)
			AwakeInstancesAfterBackupRestoration (0ms)
Platform modules already initialized, skipping
Registering precompiled user dll's ...
Registered in 0.008676 seconds.
Begin MonoManager ReloadAssembly
Native extension for WindowsStandalone target not found
Refreshing native plugins compatible for Editor in 0.76 ms, found 2 plugins.
Preloading 0 native plugins for Editor in 0.00 ms.
Mono: successfully reloaded assembly
- Completed reload, in  1.933 seconds
Domain Reload Profiling:
	ReloadAssembly (1935ms)
		BeginReloadAssembly (242ms)
			ExecutionOrderSort (0ms)
			DisableScriptedObjects (7ms)
			BackupInstance (0ms)
			ReleaseScriptingObjects (0ms)
			CreateAndSetChildDomain (31ms)
		EndReloadAssembly (1579ms)
			LoadAssemblies (146ms)
			RebuildTransferFunctionScriptingTraits (0ms)
			SetupTypeCache (553ms)
			ReleaseScriptCaches (1ms)
			RebuildScriptCaches (90ms)
			SetupLoadedEditorAssemblies (629ms)
				LogAssemblyErrors (0ms)
				InitializePlatformSupportModulesInManaged (7ms)
				SetLoadedEditorAssemblies (1ms)
				RefreshPlugins (1ms)
				BeforeProcessingInitializeOnLoad (145ms)
				ProcessInitializeOnLoadAttributes (401ms)
				ProcessInitializeOnLoadMethodAttributes (60ms)
				AfterProcessingInitializeOnLoad (13ms)
				EditorAssembliesLoaded (0ms)
			ExecutionOrderSort2 (0ms)
			AwakeInstancesAfterBackupRestoration (10ms)
Platform modules already initialized, skipping
========================================================================
Worker process is ready to serve import requests
Launched and connected shader compiler UnityShaderCompiler.exe after 0.35 seconds
Refreshing native plugins compatible for Editor in 0.74 ms, found 2 plugins.
Preloading 0 native plugins for Editor in 0.00 ms.
Unloading 2139 Unused Serialized files (Serialized files now loaded: 0)
System memory in use before: 99.3 MB.
System memory in use after: 99.3 MB.

Unloading 21 unused Assets to reduce memory usage. Loaded Objects now: 2573.
Total: 4.826500 ms (FindLiveObjects: 0.413300 ms CreateObjectMapping: 0.121300 ms MarkObjects: 4.141100 ms  DeleteObjects: 0.149500 ms)

AssetImportParameters requested are different than current active one (requested -> active):
  custom:framework-win-MediaFoundation: 216162199b28c13a410421893ffa2e32 -> 
  custom:video-decoder-ogg-theora: a1e56fd34408186e4bbccfd4996cb3dc -> 
  custom:container-muxer-webm: aa71ff27fc2769a1b78a27578f13a17b -> 
  custom:container-demuxer-webm: 4f35f7cbe854078d1ac9338744f61a02 -> 
  custom:container-demuxer-ogg: 62fdf1f143b41e24485cea50d1cbac27 -> 
  custom:video-encoder-webm-vp8: eb34c28f22e8b96e1ab97ce403110664 -> 
  custom:video-decoder-webm-vp8: 9c59270c3fd7afecdb556c50c9e8de78 -> 
  custom:audio-decoder-ogg-vorbis: bf7c407c2cedff20999df2af8eb42d56 -> 
  custom:audio-encoder-webm-vorbis: bf7c407c2cedff20999df2af8eb42d56 -> 
========================================================================
Received Import Request.
  path: Assets/UI/SCISSOR.png
  artifactKey: Guid(62b4405532540b549b986a02208003f6) Importer(815301076,1909f56bfc062723c751e8b465ee728b)
Start importing Assets/UI/SCISSOR.png using Guid(62b4405532540b549b986a02208003f6) Importer(815301076,1909f56bfc062723c751e8b465ee728b)  -> (artifact id: '292f4c7565e77d5e9d07a83ef5af2948') in 0.564228 seconds 
  Import took 0.589847 seconds .

========================================================================
Received Prepare
Registering precompiled user dll's ...
Registered in 0.008789 seconds.
Begin MonoManager ReloadAssembly
Native extension for WindowsStandalone target not found
Refreshing native plugins compatible for Editor in 0.74 ms, found 2 plugins.
Preloading 0 native plugins for Editor in 0.00 ms.
Mono: successfully reloaded assembly
- Completed reload, in  1.849 seconds
Domain Reload Profiling:
	ReloadAssembly (1850ms)
		BeginReloadAssembly (193ms)
			ExecutionOrderSort (0ms)
			DisableScriptedObjects (6ms)
			BackupInstance (0ms)
			ReleaseScriptingObjects (0ms)
			CreateAndSetChildDomain (62ms)
		EndReloadAssembly (1538ms)
			LoadAssemblies (150ms)
			RebuildTransferFunctionScriptingTraits (0ms)
			SetupTypeCache (540ms)
			ReleaseScriptCaches (1ms)
			RebuildScriptCaches (77ms)
			SetupLoadedEditorAssemblies (608ms)
				LogAssemblyErrors (0ms)
				InitializePlatformSupportModulesInManaged (7ms)
				SetLoadedEditorAssemblies (1ms)
				RefreshPlugins (1ms)
				BeforeProcessingInitializeOnLoad (131ms)
				ProcessInitializeOnLoadAttributes (443ms)
				ProcessInitializeOnLoadMethodAttributes (12ms)
				AfterProcessingInitializeOnLoad (13ms)
				EditorAssembliesLoaded (0ms)
			ExecutionOrderSort2 (0ms)
			AwakeInstancesAfterBackupRestoration (11ms)
Platform modules already initialized, skipping
Refreshing native plugins compatible for Editor in 0.67 ms, found 2 plugins.
Preloading 0 native plugins for Editor in 0.00 ms.
Unloading 2071 Unused Serialized files (Serialized files now loaded: 0)
System memory in use before: 96.0 MB.
System memory in use after: 96.1 MB.

Unloading 16 unused Assets to reduce memory usage. Loaded Objects now: 2582.
Total: 4.567800 ms (FindLiveObjects: 0.365000 ms CreateObjectMapping: 0.102100 ms MarkObjects: 3.992800 ms  DeleteObjects: 0.106500 ms)

AssetImportParameters requested are different than current active one (requested -> active):
  custom:framework-win-MediaFoundation: 216162199b28c13a410421893ffa2e32 -> 
  custom:video-decoder-ogg-theora: a1e56fd34408186e4bbccfd4996cb3dc -> 
  custom:container-muxer-webm: aa71ff27fc2769a1b78a27578f13a17b -> 
  custom:container-demuxer-webm: 4f35f7cbe854078d1ac9338744f61a02 -> 
  custom:container-demuxer-ogg: 62fdf1f143b41e24485cea50d1cbac27 -> 
  custom:video-encoder-webm-vp8: eb34c28f22e8b96e1ab97ce403110664 -> 
  custom:video-decoder-webm-vp8: 9c59270c3fd7afecdb556c50c9e8de78 -> 
  custom:audio-decoder-ogg-vorbis: bf7c407c2cedff20999df2af8eb42d56 -> 
  custom:audio-encoder-webm-vorbis: bf7c407c2cedff20999df2af8eb42d56 -> 
========================================================================
Received Import Request.
  Time since last request: 210.487399 seconds.
  path: Assets/UI/Images
  artifactKey: Guid(2a6a9b127d5511245b051c1c1861c145) Importer(815301076,1909f56bfc062723c751e8b465ee728b)
Start importing Assets/UI/Images using Guid(2a6a9b127d5511245b051c1c1861c145) Importer(815301076,1909f56bfc062723c751e8b465ee728b)  -> (artifact id: 'a3c1a08974d4bc4ad710bc288e468da8') in 0.015840 seconds 
  Import took 0.042637 seconds .

========================================================================
Received Import Request.
  Time since last request: 1.054118 seconds.
  path: Assets/UI/PAPERF 1.png
  artifactKey: Guid(810838ebf5ebf5b4ba1cce985bc49304) Importer(815301076,1909f56bfc062723c751e8b465ee728b)
Start importing Assets/UI/PAPERF 1.png using Guid(810838ebf5ebf5b4ba1cce985bc49304) Importer(815301076,1909f56bfc062723c751e8b465ee728b)  -> (artifact id: 'cb41b32934281a296ccec96c36acc1d2') in 0.080076 seconds 
  Import took 0.085390 seconds .

========================================================================
Received Import Request.
  Time since last request: 1.408564 seconds.
  path: Assets/UI/ROCK 1.png
  artifactKey: Guid(e554e3233a164d140b5963150e4440ca) Importer(815301076,1909f56bfc062723c751e8b465ee728b)
Start importing Assets/UI/ROCK 1.png using Guid(e554e3233a164d140b5963150e4440ca) Importer(815301076,1909f56bfc062723c751e8b465ee728b)  -> (artifact id: 'c233f81aaff36d716cf4f49f13199b8c') in 0.022512 seconds 
  Import took 0.028061 seconds .

========================================================================
Received Import Request.
  Time since last request: 32.713696 seconds.
  path: Assets/UI/Images/SCISSOR 1.png
  artifactKey: Guid(4bb55c0f742f94f46b023924d4491662) Importer(815301076,1909f56bfc062723c751e8b465ee728b)
Start importing Assets/UI/Images/SCISSOR 1.png using Guid(4bb55c0f742f94f46b023924d4491662) Importer(815301076,1909f56bfc062723c751e8b465ee728b)  -> (artifact id: '192a5870ad46ebdd580f3156a8c6d2f1') in 0.019074 seconds 
  Import took 0.045507 seconds .

========================================================================
Received Import Request.
  Time since last request: 84.719543 seconds.
  path: Assets/UI/PAPERF.png
  artifactKey: Guid(21ec41982d3d5794fa5831241abcf434) Importer(815301076,1909f56bfc062723c751e8b465ee728b)
Start importing Assets/UI/PAPERF.png using Guid(21ec41982d3d5794fa5831241abcf434) Importer(815301076,1909f56bfc062723c751e8b465ee728b)  -> (artifact id: '34bd43f49bf6dc27b3496e52661f27b8') in 0.060896 seconds 
  Import took 0.092651 seconds .

========================================================================
Received Import Request.
  Time since last request: 2.224285 seconds.
  path: Assets/UI/ROCK.png
  artifactKey: Guid(cc74e2fa7346d1e4f9c52e9827518088) Importer(815301076,1909f56bfc062723c751e8b465ee728b)
Start importing Assets/UI/ROCK.png using Guid(cc74e2fa7346d1e4f9c52e9827518088) Importer(815301076,1909f56bfc062723c751e8b465ee728b)  -> (artifact id: '4f5b414ff14933f7fbb78319b77bfe8f') in 0.043216 seconds 
  Import took 0.048345 seconds .

========================================================================
Received Import Request.
  Time since last request: 270.962275 seconds.
  path: Assets/UI/DEALERHMM.png
  artifactKey: Guid(b0194d0e6cfa33c4286e6dca8e2dfee5) Importer(815301076,1909f56bfc062723c751e8b465ee728b)
Start importing Assets/UI/DEALERHMM.png using Guid(b0194d0e6cfa33c4286e6dca8e2dfee5) Importer(815301076,1909f56bfc062723c751e8b465ee728b)  -> (artifact id: '0e58ae60cd0725ecd80e0d7405e1c450') in 0.022428 seconds 
  Import took 0.047850 seconds .

========================================================================
Received Import Request.
  Time since last request: 131.453479 seconds.
  path: Assets/UI/DEALERHMM.png
  artifactKey: Guid(b0194d0e6cfa33c4286e6dca8e2dfee5) Importer(815301076,1909f56bfc062723c751e8b465ee728b)
Start importing Assets/UI/DEALERHMM.png using Guid(b0194d0e6cfa33c4286e6dca8e2dfee5) Importer(815301076,1909f56bfc062723c751e8b465ee728b)  -> (artifact id: '0bc3a59e1f76cc3fe9c983ff39eb2a64') in 0.020528 seconds 
  Import took 0.071770 seconds .

