Using pre-set license
Built from '2020.3/staging' branch; Version is '2020.3.22f1 (e1a7f79fd887) revision 14788599'; Using compiler version '192528614'; Build Type 'Release'
OS: 'Windows 10 Home; OS build 19042.1348; Version 2009; 64bit' Language: 'en' Physical Memory: 8155 MB
BatchMode: 1, IsHumanControllingUs: 0, StartBugReporterOnCrash: 0, Is64bit: 1, IsPro: 0

COMMAND LINE ARGUMENTS:
C:\Program Files\Unity\Installs\2020.3.22f1\Editor\Unity.exe
-adb2
-batchMode
-noUpm
-name
AssetImportWorker2
-projectPath
C:/src/COMP3013/Rogue Poker
-logFile
Logs/AssetImportWorker2.log
-srvPort
54602
Successfully changed project path to: C:/src/COMP3013/Rogue Poker
C:/src/COMP3013/Rogue Poker
Using Asset Import Pipeline V2.
Refreshing native plugins compatible for Editor in 82.47 ms, found 2 plugins.
Preloading 0 native plugins for Editor in 0.00 ms.
Initialize engine version: 2020.3.22f1 (e1a7f79fd887)
[Subsystems] Discovering subsystems at path C:/Program Files/Unity/Installs/2020.3.22f1/Editor/Data/Resources/UnitySubsystems
[Subsystems] Discovering subsystems at path C:/src/COMP3013/Rogue Poker/Assets
GfxDevice: creating device client; threaded=0
Direct3D:
    Version:  Direct3D 11.0 [level 11.1]
    Renderer: Radeon (TM) RX 480 Graphics (ID=0x67df)
    Vendor:   
    VRAM:     8171 MB
    Driver:   30.0.13033.5003
Initialize mono
Mono path[0] = 'C:/Program Files/Unity/Installs/2020.3.22f1/Editor/Data/Managed'
Mono path[1] = 'C:/Program Files/Unity/Installs/2020.3.22f1/Editor/Data/MonoBleedingEdge/lib/mono/unityjit'
Mono config path = 'C:/Program Files/Unity/Installs/2020.3.22f1/Editor/Data/MonoBleedingEdge/etc'
Using monoOptions --debugger-agent=transport=dt_socket,embedding=1,server=y,suspend=n,address=127.0.0.1:56264
Begin MonoManager ReloadAssembly
Registering precompiled unity dll's ...
Register platform support module: C:/Program Files/Unity/Installs/2020.3.22f1/Editor/Data/PlaybackEngines/WindowsStandaloneSupport/UnityEditor.WindowsStandalone.Extensions.dll
Registered in 0.003981 seconds.
Native extension for WindowsStandalone target not found
Refreshing native plugins compatible for Editor in 74.07 ms, found 2 plugins.
Preloading 0 native plugins for Editor in 0.00 ms.
Mono: successfully reloaded assembly
- Completed reload, in  3.657 seconds
Domain Reload Profiling:
	ReloadAssembly (3657ms)
		BeginReloadAssembly (98ms)
			ExecutionOrderSort (0ms)
			DisableScriptedObjects (0ms)
			BackupInstance (0ms)
			ReleaseScriptingObjects (0ms)
			CreateAndSetChildDomain (1ms)
		EndReloadAssembly (775ms)
			LoadAssemblies (93ms)
			RebuildTransferFunctionScriptingTraits (0ms)
			SetupTypeCache (279ms)
			ReleaseScriptCaches (0ms)
			RebuildScriptCaches (54ms)
			SetupLoadedEditorAssemblies (282ms)
				LogAssemblyErrors (0ms)
				InitializePlatformSupportModulesInManaged (6ms)
				SetLoadedEditorAssemblies (0ms)
				RefreshPlugins (74ms)
				BeforeProcessingInitializeOnLoad (27ms)
				ProcessInitializeOnLoadAttributes (129ms)
				ProcessInitializeOnLoadMethodAttributes (45ms)
				AfterProcessingInitializeOnLoad (0ms)
				EditorAssembliesLoaded (0ms)
			ExecutionOrderSort2 (0ms)
			AwakeInstancesAfterBackupRestoration (0ms)
Platform modules already initialized, skipping
Registering precompiled user dll's ...
Registered in 0.009551 seconds.
Begin MonoManager ReloadAssembly
Native extension for WindowsStandalone target not found
Refreshing native plugins compatible for Editor in 0.71 ms, found 2 plugins.
Preloading 0 native plugins for Editor in 0.00 ms.
Mono: successfully reloaded assembly
- Completed reload, in  2.811 seconds
Domain Reload Profiling:
	ReloadAssembly (2812ms)
		BeginReloadAssembly (294ms)
			ExecutionOrderSort (0ms)
			DisableScriptedObjects (10ms)
			BackupInstance (0ms)
			ReleaseScriptingObjects (0ms)
			CreateAndSetChildDomain (35ms)
		EndReloadAssembly (2308ms)
			LoadAssemblies (825ms)
			RebuildTransferFunctionScriptingTraits (0ms)
			SetupTypeCache (619ms)
			ReleaseScriptCaches (1ms)
			RebuildScriptCaches (95ms)
			SetupLoadedEditorAssemblies (604ms)
				LogAssemblyErrors (0ms)
				InitializePlatformSupportModulesInManaged (8ms)
				SetLoadedEditorAssemblies (1ms)
				RefreshPlugins (1ms)
				BeforeProcessingInitializeOnLoad (154ms)
				ProcessInitializeOnLoadAttributes (413ms)
				ProcessInitializeOnLoadMethodAttributes (12ms)
				AfterProcessingInitializeOnLoad (14ms)
				EditorAssembliesLoaded (0ms)
			ExecutionOrderSort2 (0ms)
			AwakeInstancesAfterBackupRestoration (11ms)
Platform modules already initialized, skipping
========================================================================
Worker process is ready to serve import requests
Launched and connected shader compiler UnityShaderCompiler.exe after 0.31 seconds
Refreshing native plugins compatible for Editor in 0.80 ms, found 2 plugins.
Preloading 0 native plugins for Editor in 0.00 ms.
Unloading 2148 Unused Serialized files (Serialized files now loaded: 0)
System memory in use before: 99.8 MB.
System memory in use after: 99.8 MB.

Unloading 21 unused Assets to reduce memory usage. Loaded Objects now: 2582.
Total: 4.812600 ms (FindLiveObjects: 0.423800 ms CreateObjectMapping: 0.121900 ms MarkObjects: 4.082100 ms  DeleteObjects: 0.183000 ms)

AssetImportParameters requested are different than current active one (requested -> active):
  custom:framework-win-MediaFoundation: 216162199b28c13a410421893ffa2e32 -> 
  custom:video-decoder-ogg-theora: a1e56fd34408186e4bbccfd4996cb3dc -> 
  custom:container-muxer-webm: aa71ff27fc2769a1b78a27578f13a17b -> 
  custom:container-demuxer-webm: 4f35f7cbe854078d1ac9338744f61a02 -> 
  custom:container-demuxer-ogg: 62fdf1f143b41e24485cea50d1cbac27 -> 
  custom:video-encoder-webm-vp8: eb34c28f22e8b96e1ab97ce403110664 -> 
  custom:video-decoder-webm-vp8: 9c59270c3fd7afecdb556c50c9e8de78 -> 
  custom:audio-decoder-ogg-vorbis: bf7c407c2cedff20999df2af8eb42d56 -> 
  custom:audio-encoder-webm-vorbis: bf7c407c2cedff20999df2af8eb42d56 -> 
========================================================================
Received Import Request.
  path: Assets/Models/Enviroment/RoomFloor.fbx
  artifactKey: Guid(28b81d2ec374da544b65a7c53a28dc8a) Importer(815301076,1909f56bfc062723c751e8b465ee728b)
Start importing Assets/Models/Enviroment/RoomFloor.fbx using Guid(28b81d2ec374da544b65a7c53a28dc8a) Importer(815301076,1909f56bfc062723c751e8b465ee728b)  -> (artifact id: 'b8352e155e1b7279dee6c12b6e587b6c') in 0.510968 seconds 
  Import took 0.538923 seconds .

========================================================================
Received Import Request.
  Time since last request: 0.000421 seconds.
  path: Assets/Models/Enviroment/Plank2.fbx
  artifactKey: Guid(4ce5c4e2885c5e44f9eb746745e10eff) Importer(815301076,1909f56bfc062723c751e8b465ee728b)
Start importing Assets/Models/Enviroment/Plank2.fbx using Guid(4ce5c4e2885c5e44f9eb746745e10eff) Importer(815301076,1909f56bfc062723c751e8b465ee728b)  -> (artifact id: '93bbb62dccd9c8dd095c5571287fc2ff') in 0.022198 seconds 
  Import took 0.052252 seconds .

========================================================================
Received Import Request.
  Time since last request: 0.000444 seconds.
  path: Assets/Models/Enviroment/Room.fbx
  artifactKey: Guid(15447bde52280934e8a8f66f843a3696) Importer(815301076,1909f56bfc062723c751e8b465ee728b)
Start importing Assets/Models/Enviroment/Room.fbx using Guid(15447bde52280934e8a8f66f843a3696) Importer(815301076,1909f56bfc062723c751e8b465ee728b)  -> (artifact id: '681b56693137292dda282dbe8478ac13') in 0.049044 seconds 
  Import took 0.066615 seconds .

========================================================================
Received Import Request.
  Time since last request: 0.000436 seconds.
  path: Assets/Models/Enviroment/PokerTable.fbx
  artifactKey: Guid(d8bd0ec78b49be14a8ccd449a7c97198) Importer(815301076,1909f56bfc062723c751e8b465ee728b)
Start importing Assets/Models/Enviroment/PokerTable.fbx using Guid(d8bd0ec78b49be14a8ccd449a7c97198) Importer(815301076,1909f56bfc062723c751e8b465ee728b)  -> (artifact id: '0528b6164e3a68f9ebe383adba5429f0') in 0.130387 seconds 
  Import took 0.142371 seconds .

========================================================================
Received Import Request.
  Time since last request: 277.348526 seconds.
  path: Assets/Models/Enviroment/PokerTable.fbx
  artifactKey: Guid(d8bd0ec78b49be14a8ccd449a7c97198) Importer(815301076,1909f56bfc062723c751e8b465ee728b)
Start importing Assets/Models/Enviroment/PokerTable.fbx using Guid(d8bd0ec78b49be14a8ccd449a7c97198) Importer(815301076,1909f56bfc062723c751e8b465ee728b)  -> (artifact id: 'deaffb465de9349c9bd674afcc633154') in 0.071853 seconds 
  Import took 0.082377 seconds .

========================================================================
Received Import Request.
  Time since last request: 34.539188 seconds.
  path: Assets/Models/Enviroment/PalleteChips.png
  artifactKey: Guid(4883a3e2185aa3543bf3c1b907f9efe6) Importer(815301076,1909f56bfc062723c751e8b465ee728b)
Start importing Assets/Models/Enviroment/PalleteChips.png using Guid(4883a3e2185aa3543bf3c1b907f9efe6) Importer(815301076,1909f56bfc062723c751e8b465ee728b)  -> (artifact id: 'c97d0b94ac00ea0aba7c164503dd1091') in 0.108903 seconds 
  Import took 0.164469 seconds .

========================================================================
Received Import Request.
  Time since last request: 26.101945 seconds.
  path: Assets/Models/Enviroment/PokerTable.fbx
  artifactKey: Guid(d8bd0ec78b49be14a8ccd449a7c97198) Importer(815301076,1909f56bfc062723c751e8b465ee728b)
Start importing Assets/Models/Enviroment/PokerTable.fbx using Guid(d8bd0ec78b49be14a8ccd449a7c97198) Importer(815301076,1909f56bfc062723c751e8b465ee728b)  -> (artifact id: '3b632aedd316e0ad54ac8a48a34d10e1') in 0.098968 seconds 
  Import took 0.120927 seconds .

========================================================================
Received Import Request.
  Time since last request: 124.987745 seconds.
  path: Assets/Models/Enviroment/Shutter1.fbx
  artifactKey: Guid(accc55c1dc05ef74ba1118975de343f0) Importer(815301076,1909f56bfc062723c751e8b465ee728b)
Start importing Assets/Models/Enviroment/Shutter1.fbx using Guid(accc55c1dc05ef74ba1118975de343f0) Importer(815301076,1909f56bfc062723c751e8b465ee728b)  -> (artifact id: '043f36a4c079af7471857dadb2749b4d') in 0.030694 seconds 
  Import took 0.053056 seconds .

========================================================================
Received Import Request.
  Time since last request: 0.851019 seconds.
  path: Assets/Models/Enviroment/Shutter2.fbx
  artifactKey: Guid(ccfbc0d6c57e25a48b31ee2ad06fa6e1) Importer(815301076,1909f56bfc062723c751e8b465ee728b)
Start importing Assets/Models/Enviroment/Shutter2.fbx using Guid(ccfbc0d6c57e25a48b31ee2ad06fa6e1) Importer(815301076,1909f56bfc062723c751e8b465ee728b)  -> (artifact id: '932434b9a17a7087e24e924e8e1362ec') in 0.020189 seconds 
  Import took 0.026017 seconds .

